Mon 21:05: PROGRESS: MaxCompiler version: 2015.2
Mon 21:05: PROGRESS: Build "TensorAddition" start time: Mon Feb 22 21:05:27 CET 2016
Mon 21:05: PROGRESS: Main build process running as user dpesic on host localhost.localdomain
Mon 21:05: INFO    : Loading build properties from bundled MaxCompiler_build.conf...
Mon 21:05: INFO    : No default external build property file has been specified.
Mon 21:05: INFO    : (Set environment variable MAXCOMPILER_DEFAULT_CONF_FILE to assign one)
Mon 21:05: INFO    : User build properties not found in file: /home/dpesic/.MaxCompiler_build_user.conf
Mon 21:05: INFO    : No user-specified external build property file has been specified.
Mon 21:05: INFO    : (Set environment variable MAXCOMPILER_BUILD_CONF_FILE to assign one)
Mon 21:05: INFO    : Loading additional parameters from MAXCOMPILER_BUILD_CONF environment variable
Mon 21:05: PROGRESS: Build location: /home/dpesic/workspace/TensorAddition/RunRules/Simulation/maxfiles/TensorAddition_VECTIS_DFE_SIM
Mon 21:05: PROGRESS: Detailed build log available in "_build.log"
Mon 21:05: INFO    : Created build manager TensorAddition (TensorAddition_VECTIS_DFE_SIM Mon Feb 22 21:05:27 CET 2016). (21:05:27 22/02/16)
Mon 21:05: INFO    : Working in dir: /home/dpesic/workspace/TensorAddition/RunRules/Simulation/maxfiles/TensorAddition_VECTIS_DFE_SIM
Mon 21:05: INFO    : Java class path (2 paths):
Mon 21:05: INFO    : 	/home/dpesic/workspace/TensorAddition/EngineCode/bin
Mon 21:05: INFO    : 	/home/dpesic/maxeler/lib/MaxCompiler.jar
Mon 21:05: INFO    : Java process started by 'main' method in class 'tensoraddition.TensorAdditionManager'.
Mon 21:05: INFO    : build.arbitrated_core_cache parameter is blank, not using core-cache
Mon 21:05: INFO    : Checking license files in directory: /home/dpesic/maxeler/licenses
Mon 21:05: INFO    : All license signatures valid.
Mon 21:05: PROGRESS: Instantiating manager
Mon 21:05: PROGRESS: Instantiating kernel "TensorAdditionKernel"
Mon 21:05: INFO    : Backing-up source-files (old source files in build directory will be removed first)...
Mon 21:05: INFO    : Source directories: /home/dpesic/workspace/TensorAddition/EngineCode/src:
Mon 21:05: INFO    : Not deleting directory (does not exist): src
Mon 21:05: INFO    : Copying source-files took 1.98778 ms
Mon 21:05: PROGRESS: Compiling manager (Configurable)
Mon 21:05: INFO    : Backing-up source-files (old source files in build directory will be removed first)...
Mon 21:05: INFO    : Source directories: /home/dpesic/workspace/TensorAddition/EngineCode/src:
Mon 21:05: INFO    : Deleting directory: src
Mon 21:05: INFO    : Copying source-files took 2.29799 ms
Mon 21:05: INFO    : Manager Configuration:
Mon 21:05: INFO    : 	ManagerConfiguration.allowNonMultipleTransitions = false                                                         [Init: false]
Mon 21:05: INFO    : 	ManagerConfiguration.board = MAX3424A                                                                            [Init: null, init: MAX3424A]
Mon 21:05: INFO    : 	ManagerConfiguration.build.buildEffort = MEDIUM                                                                  [Init: MEDIUM]
Mon 21:05: INFO    : 	ManagerConfiguration.build.enableChipScopeInserter = false                                                       [Init: false]
Mon 21:05: INFO    : 	ManagerConfiguration.build.enableTimingAnalysis = true                                                           [Init: true]
Mon 21:05: INFO    : 	ManagerConfiguration.build.level = FULL_BUILD                                                                    [Init: FULL_BUILD]
Mon 21:05: INFO    : 	ManagerConfiguration.build.mpprContinueAfterMeetingTiming = false                                                [Init: false]
Mon 21:05: INFO    : 	ManagerConfiguration.build.mpprCtMax = 1                                                                         [Init: 1]
Mon 21:05: INFO    : 	ManagerConfiguration.build.mpprCtMin = 1                                                                         [Init: 1]
Mon 21:05: INFO    : 	ManagerConfiguration.build.mpprParallelism = 1                                                                   [Init: 1]
Mon 21:05: INFO    : 	ManagerConfiguration.build.mpprRetryMissesThrshld = 0                                                            [Init: 0]
Mon 21:05: INFO    : 	ManagerConfiguration.build.optGoal = BALANCED                                                                    [Init: BALANCED]
Mon 21:05: INFO    : 	ManagerConfiguration.build.physSynthAsyncPipelining = AUTO                                                       [Init: AUTO]
Mon 21:05: INFO    : 	ManagerConfiguration.build.physSynthCombLogic = AUTO                                                             [Init: AUTO]
Mon 21:05: INFO    : 	ManagerConfiguration.build.physSynthCombLogicForArea = AUTO                                                      [Init: AUTO]
Mon 21:05: INFO    : 	ManagerConfiguration.build.physSynthEffort = AUTO                                                                [Init: AUTO]
Mon 21:05: INFO    : 	ManagerConfiguration.build.physSynthRegDuplication = AUTO                                                        [Init: AUTO]
Mon 21:05: INFO    : 	ManagerConfiguration.build.physSynthRetiming = AUTO                                                              [Init: AUTO]
Mon 21:05: INFO    : 	ManagerConfiguration.build.physicalSynthesis = false                                                             [Init: false]
Mon 21:05: INFO    : 	ManagerConfiguration.buildTarget = DFE_SIM                                                                       [Init: null, init: DFE_SIM]
Mon 21:05: INFO    : 	ManagerConfiguration.debug.chipscopeCaptureDepth = 4096                                                          [Init: 4096]
Mon 21:05: INFO    : 	ManagerConfiguration.debug.fifoUnderOverFlowRegs = false                                                         [Init: false]
Mon 21:05: INFO    : 	ManagerConfiguration.debug.memCtlDebugRegs = true                                                                [Init: true]
Mon 21:05: INFO    : 	ManagerConfiguration.debug.memCtlExtraDebugRegs = false                                                          [Init: false]
Mon 21:05: INFO    : 	ManagerConfiguration.debug.memMarginingSupport = false                                                           [Init: false]
Mon 21:05: INFO    : 	ManagerConfiguration.debug.memPhyDebugRegister = NONE                                                            [Init: NONE]
Mon 21:05: INFO    : 	ManagerConfiguration.debug.memPllLockDebugRegs = true                                                            [Init: true]
Mon 21:05: INFO    : 	ManagerConfiguration.debug.streamStatus = false                                                                  [Init: false]
Mon 21:05: INFO    : 	ManagerConfiguration.debug.streamStatusChecksums = false                                                         [Init: false]
Mon 21:05: INFO    : 	ManagerConfiguration.dram.addressGeneratorsInSlowClock = false                                                   [Init: false]
Mon 21:05: INFO    : 	ManagerConfiguration.dram.arbitrationMode = ROUND_ROBIN                                                          [Init: ROUND_ROBIN]
Mon 21:05: INFO    : 	ManagerConfiguration.dram.burstSize = 8                                                                          [Init: 8]
Mon 21:05: INFO    : 	ManagerConfiguration.dram.cmdFifoInReg = false                                                                   [Init: false]
Mon 21:05: INFO    : 	ManagerConfiguration.dram.cmdFifoLutRam = false                                                                  [Init: false]
Mon 21:05: INFO    : 	ManagerConfiguration.dram.cmdFifoRegInRam = true                                                                 [Init: true]
Mon 21:05: INFO    : 	ManagerConfiguration.dram.cmdFifoSize = 31                                                                       [Init: 31]
Mon 21:05: INFO    : 	ManagerConfiguration.dram.commandEchoModeEnabled = false                                                         [Init: false]
Mon 21:05: INFO    : 	ManagerConfiguration.dram.commandEchoModeFifoDepth = 512                                                         [Init: 512]
Mon 21:05: INFO    : 	ManagerConfiguration.dram.commandEchoModeStreamAlmostEmptyLatency = 792                                          [Init: 792]
Mon 21:05: INFO    : 	ManagerConfiguration.dram.commandEchoModeStreamAlmostEmptyLatency = 8                                            [Init: 8]
Mon 21:05: INFO    : 	ManagerConfiguration.dram.commandEchoModeStreamStallLatency = 8                                                  [Init: 8]
Mon 21:05: INFO    : 	ManagerConfiguration.dram.dataFifoDepth = 512                                                                    [Init: 512]
Mon 21:05: INFO    : 	ManagerConfiguration.dram.dataFifoLutRam = false                                                                 [Init: false]
Mon 21:05: INFO    : 	ManagerConfiguration.dram.dataFifoWidth = 792                                                                    [Init: 792]
Mon 21:05: INFO    : 	ManagerConfiguration.dram.eccMode = false                                                                        [Init: false]
Mon 21:05: INFO    : 	ManagerConfiguration.dram.fabricDataFifoReg = true                                                               [Init: true]
Mon 21:05: INFO    : 	ManagerConfiguration.dram.fabricRdDataFifoReg = false                                                            [Init: false]
Mon 21:05: INFO    : 	ManagerConfiguration.dram.flagSupport = false                                                                    [Init: false]
Mon 21:05: INFO    : 	ManagerConfiguration.dram.highPrioStream = false                                                                 [Init: false]
Mon 21:05: INFO    : 	ManagerConfiguration.dram.max2CompatMode = false                                                                 [Init: false]
Mon 21:05: INFO    : 	ManagerConfiguration.dram.max4m_GALAVA_MCP_UseRefClk = false                                                     [Init: false]
Mon 21:05: INFO    : 	ManagerConfiguration.dram.max4m_MAIA_MCP_UseRefClk = false                                                       [Init: false]
Mon 21:05: INFO    : 	ManagerConfiguration.dram.max4qrateMode = false                                                                  [Init: false]
Mon 21:05: INFO    : 	ManagerConfiguration.dram.memCmdIncSize = 8                                                                      [Init: 8]
Mon 21:05: INFO    : 	ManagerConfiguration.dram.memCmdStartAddrSize = 32                                                               [Init: 32]
Mon 21:05: INFO    : 	ManagerConfiguration.dram.onCardMemFreq = 303.0                                                                  [Init: 0.0, change: 303.0]
Mon 21:05: INFO    : 	ManagerConfiguration.dram.parEccDebugStream = false                                                              [Init: false]
Mon 21:05: INFO    : 	ManagerConfiguration.dram.parityEccWidth = 0                                                                     [Init: 0]
Mon 21:05: INFO    : 	ManagerConfiguration.dram.parityMode = false                                                                     [Init: false]
Mon 21:05: INFO    : 	ManagerConfiguration.dram.perdqsPhaseDetect = false                                                              [Init: false]
Mon 21:05: INFO    : 	ManagerConfiguration.dram.performanceMode = true                                                                 [Init: true]
Mon 21:05: INFO    : 	ManagerConfiguration.enableMPCX = false                                                                          [Init: false, init: false]
Mon 21:05: INFO    : 	ManagerConfiguration.maxring.maxringConnections = []                                                             [Init: []]
Mon 21:05: INFO    : 	ManagerConfiguration.maxring.maxringNumLanes = {MAXRING_B=2, MAXRING_LITE_B=1, MAXRING_LITE_A=1, MAXRING_A=2}    [Init: {}]
Mon 21:05: INFO    : 	ManagerConfiguration.multiCycleMappedMemoryBus = false                                                           [Init: false]
Mon 21:05: INFO    : 	ManagerConfiguration.network.qsfp0Mode = QSFP_OFF                                                                [Init: QSFP_OFF]
Mon 21:05: INFO    : 	ManagerConfiguration.network.qsfp1Mode = QSFP_OFF                                                                [Init: QSFP_OFF]
Mon 21:05: INFO    : 	ManagerConfiguration.network.qsfp2Mode = QSFP_OFF                                                                [Init: QSFP_OFF]
Mon 21:05: INFO    : 	ManagerConfiguration.network.qsfp3Mode = QSFP_OFF                                                                [Init: QSFP_OFF]
Mon 21:05: INFO    : 	ManagerConfiguration.network.qsfp4Mode = QSFP_OFF                                                                [Init: QSFP_OFF]
Mon 21:05: INFO    : 	ManagerConfiguration.network.qsfp5Mode = QSFP_OFF                                                                [Init: QSFP_OFF]
Mon 21:05: INFO    : 	ManagerConfiguration.network.qsfp6Mode = QSFP_OFF                                                                [Init: QSFP_OFF]
Mon 21:05: INFO    : 	ManagerConfiguration.network.qsfp7Mode = QSFP_OFF                                                                [Init: QSFP_OFF]
Mon 21:05: INFO    : 	ManagerConfiguration.pcie.numPCIeLanes = 0                                                                       [Init: 0]
Mon 21:05: INFO    : 	ManagerConfiguration.pcie.pcieFastClock = false                                                                  [Init: false]
Mon 21:05: INFO    : 	ManagerConfiguration.pcie.streamFromHostMaxNum = 8                                                               [Init: 0, change: 8]
Mon 21:05: INFO    : 	ManagerConfiguration.pcie.streamToHostMaxNum = 8                                                                 [Init: 0, change: 8]
Mon 21:05: INFO    : 	ManagerConfiguration.persona.boardModel = MAX3424A                                                               [Init: null, change: MAX3424A]
Mon 21:05: INFO    : 	ManagerConfiguration.persona.ddr3Enable = false                                                                  [Init: false]
Mon 21:05: INFO    : 	ManagerConfiguration.persona.ddr3Frq = 303.0                                                                     [Init: 400.0, change: 303.0]
Mon 21:05: INFO    : 	ManagerConfiguration.persona.ddr3Qmode = false                                                                   [Init: false]
Mon 21:05: INFO    : 	ManagerConfiguration.persona.disableMultiplePersona = true                                                       [Init: true]
Mon 21:05: INFO    : 	ManagerConfiguration.persona.dynamic_scaling = false                                                             [Init: false]
Mon 21:05: INFO    : 	ManagerConfiguration.persona.enableCPLDOverrideOutpus = false                                                    [Init: false]
Mon 21:05: INFO    : 	ManagerConfiguration.persona.enableJDFEPTPTestLogic = false                                                      [Init: false]
Mon 21:05: INFO    : 	ManagerConfiguration.persona.maxRingLocal = false                                                                [Init: false]
Mon 21:05: INFO    : 	ManagerConfiguration.persona.maxRingOptical = false                                                              [Init: false]
Mon 21:05: INFO    : 	ManagerConfiguration.persona.maxringDataRate = 2500.0                                                            [Init: 2500.0]
Mon 21:05: INFO    : 	ManagerConfiguration.persona.maxringOpticalDataRate = 10000.0                                                    [Init: 10000.0]
Mon 21:05: INFO    : 	ManagerConfiguration.persona.mode = InitMode                                                                     [Init: InitMode]
Mon 21:05: INFO    : 	ManagerConfiguration.persona.networkPTP = OFF                                                                    [Init: OFF]
Mon 21:05: INFO    : 	ManagerConfiguration.persona.panMaxRingA = false                                                                 [Init: false]
Mon 21:05: INFO    : 	ManagerConfiguration.persona.panMaxRingB = false                                                                 [Init: false]
Mon 21:05: INFO    : 	ManagerConfiguration.persona.personaInterfaceVersion = 1                                                         [Init: 1]
Mon 21:05: INFO    : 	ManagerConfiguration.persona.qdr2Enable = false                                                                  [Init: false]
Mon 21:05: INFO    : 	ManagerConfiguration.persona.qdr2Frq = 350.0                                                                     [Init: 350.0]
Mon 21:05: INFO    : 	ManagerConfiguration.persona.streamClks = 1                                                                      [Init: 1]
Mon 21:05: INFO    : 	ManagerConfiguration.persona.streamFrq = [100.0]                                                                 [Init: [150.0], change: [100.0]]
Mon 21:05: INFO    : 	ManagerConfiguration.persona.streamPs = [0]                                                                      [Init: [0]]
Mon 21:05: INFO    : 	ManagerConfiguration.persona.usePCIeGen1 = false                                                                 [Init: false]
Mon 21:05: INFO    : 	ManagerConfiguration.simulation.nativeFloatingPoint = false                                                      [Init: false]
Mon 21:05: INFO    : 	ManagerConfiguration.streamClockFrq = 100                                                                        [Init: 100]
Mon 21:05: INFO    : 	ManagerConfiguration.useLegacyStreamFIFOs = false                                                                [Init: false]
Mon 21:05: INFO    : 
Mon 21:05: INFO    :  -- 
Mon 21:05: PROGRESS: 
Mon 21:05: PROGRESS: Compiling kernel "TensorAdditionKernel"
Mon 21:05: INFO    : Configuration:
Mon 21:05: INFO    : 	KernelConfiguration.additionalInputPipelining = 64                                          [Init: 64]
Mon 21:05: INFO    : 	KernelConfiguration.allowDSPCascading = true                                                [Init: true]
Mon 21:05: INFO    : 	KernelConfiguration.allowInputsOutputsBeforeFlushNode = false                               [Init: false]
Mon 21:05: INFO    : 	KernelConfiguration.allowZeroLatencyNodeHold = false                                        [Init: false]
Mon 21:05: INFO    : 	KernelConfiguration.board = MAX3424A                                                        [Init: MAX2116B, change: MAX3424A]
Mon 21:05: INFO    : 	KernelConfiguration.bramBitsThreshold = 2080                                                [Init: 2080]
Mon 21:05: INFO    : 	KernelConfiguration.buildTarget = MAXCOMPILERSIM_HOST_DRIVEN                                [Init: NONE, change: MAXCOMPILERSIM_HOST_DRIVEN]
Mon 21:05: INFO    : 	KernelConfiguration.cePipelining = 2                                                        [Init: 2]
Mon 21:05: INFO    : 	KernelConfiguration.clockPhaseBalanceThreshold = 0.1                                        [Init: 0.1]
Mon 21:05: INFO    : 	KernelConfiguration.clockPhasingRetries = 50                                                [Init: 50]
Mon 21:05: INFO    : 	KernelConfiguration.dumpNeighboursString =                                                  [Init: ]
Mon 21:05: INFO    : 	KernelConfiguration.enableCeReplication = true                                              [Init: true]
Mon 21:05: INFO    : 	KernelConfiguration.enableClockPhasePartitioning = false                                    [Init: false]
Mon 21:05: INFO    : 	KernelConfiguration.enableDebugIOControlRegs = true                                         [Init: true]
Mon 21:05: INFO    : 	KernelConfiguration.enableDummyBuild = false                                                [Init: false]
Mon 21:05: INFO    : 	KernelConfiguration.enableKernelProfiler = false                                            [Init: false]
Mon 21:05: INFO    : 	KernelConfiguration.enablePipelinedComputeController = false                                [Init: false]
Mon 21:05: INFO    : 	KernelConfiguration.enableShadowRegister = false                                            [Init: false]
Mon 21:05: INFO    : 	KernelConfiguration.enableSmartKernelControl = false                                        [Init: false]
Mon 21:05: INFO    : 	KernelConfiguration.fifoSrlRegisterStages = 1                                               [Init: 1]
Mon 21:05: INFO    : 	KernelConfiguration.flushOnInputDataCongtiguous = false                                     [Init: false]
Mon 21:05: INFO    : 	KernelConfiguration.hardwareDebugDepth = 512                                                [Init: 512]
Mon 21:05: INFO    : 	KernelConfiguration.hwHierarchyMode = UNSET                                                 [Init: UNSET]
Mon 21:05: INFO    : 	KernelConfiguration.latencyAnnotation = false                                               [Init: false]
Mon 21:05: INFO    : 	KernelConfiguration.latencyAnnotationIOs =                                                  [Init: null]
Mon 21:05: INFO    : 	KernelConfiguration.maxCoalescedFifoWidth = 2147483647                                      [Init: 2147483647]
Mon 21:05: INFO    : 	KernelConfiguration.maxPreAdderFanOut = 1                                                   [Init: 1]
Mon 21:05: INFO    : 	KernelConfiguration.netlistMode = false                                                     [Init: false]
Mon 21:05: INFO    : 	KernelConfiguration.numPhotonStateMachines = 1                                              [Init: 1]
Mon 21:05: INFO    : 	KernelConfiguration.optimizations.ceCounterRegisterDuplication = 1                          [Init: 1]
Mon 21:05: INFO    : 	KernelConfiguration.optimizations.conditionalArithmetic = false                             [Init: true, Init after BuildTarget change: false]
Mon 21:05: INFO    : 	KernelConfiguration.optimizations.counterChainWrapPipelining = 0                            [Init: 0]
Mon 21:05: INFO    : 	KernelConfiguration.optimizations.dspAddChain = OPTIMISE_IGNORE_PREADDER                    [Init: null, Init after BuildTarget change: OPTIMISE_IGNORE_PREADDER]
Mon 21:05: INFO    : 	KernelConfiguration.optimizations.enableActiveFanoutReduction = false                       [Init: false]
Mon 21:05: INFO    : 	KernelConfiguration.optimizations.enableBUFGCE = false                                      [Init: false]
Mon 21:05: INFO    : 	KernelConfiguration.optimizations.enableBetterInputRegistering = false                      [Init: false]
Mon 21:05: INFO    : 	KernelConfiguration.optimizations.enableBetterRegistering = false                           [Init: false]
Mon 21:05: INFO    : 	KernelConfiguration.optimizations.enableFIFOCoalescingAcrossPlacementConstraints = false    [Init: false]
Mon 21:05: INFO    : 	KernelConfiguration.optimizations.enableFifoCoalescing = true                               [Init: true]
Mon 21:05: INFO    : 	KernelConfiguration.optimizations.enableFullPrecisionBinaryOpConstants = false              [Init: false]
Mon 21:05: INFO    : 	KernelConfiguration.optimizations.enableIntegratedRounding = false                          [Init: false]
Mon 21:05: INFO    : 	KernelConfiguration.optimizations.enableMappedMemoryHostReadBack = true                     [Init: true]
Mon 21:05: INFO    : 	KernelConfiguration.optimizations.enableMultiCycleReset = false                             [Init: false]
Mon 21:05: INFO    : 	KernelConfiguration.optimizations.enablePowerTwoFloatMult = true                            [Init: true]
Mon 21:05: INFO    : 	KernelConfiguration.optimizations.enableRedundantNodeDeletion = true                        [Init: true]
Mon 21:05: INFO    : 	KernelConfiguration.optimizations.enableStateMachineRegisterMerging = true                  [Init: true]
Mon 21:05: INFO    : 	KernelConfiguration.optimizations.inputFlushDistanceFactor = 0                              [Init: 0]
Mon 21:05: INFO    : 	KernelConfiguration.optimizations.minimumStaticFIFOSplitDepth = 1                           [Init: 1]
Mon 21:05: INFO    : 	KernelConfiguration.optimizations.optimizationTechnique = DEFAULT                           [Init: DEFAULT]
Mon 21:05: INFO    : 	KernelConfiguration.optimizations.triAdd = false                                            [Init: true, Init after BuildTarget change: false]
Mon 21:05: INFO    : 	KernelConfiguration.partialReconfBlockName =                                                [Init: ]
Mon 21:05: INFO    : 	KernelConfiguration.partialReconfMode = false                                               [Init: false]
Mon 21:05: INFO    : 	KernelConfiguration.partialReconfTemplate = false                                           [Init: false]
Mon 21:05: INFO    : 	KernelConfiguration.replicateNodeCeLog2NumPartitions = 0                                    [Init: 0]
Mon 21:05: INFO    : 	KernelConfiguration.romBRAMBitsThreshold = 2080                                             [Init: 2080]
Mon 21:05: INFO    : 	KernelConfiguration.simulation.ramAddressCollisionBehaviour = EXCEPTION                     [Init: EXCEPTION]
Mon 21:05: INFO    : 	KernelConfiguration.simulation.ramOutOfBoundsAccessBehaviour = EXCEPTION                    [Init: EXCEPTION]
Mon 21:05: INFO    : 	KernelConfiguration.simulation.simProgressMessageFrequency = 0                              [Init: 0]
Mon 21:05: INFO    : 
Mon 21:05: INFO    :  -- 
Mon 21:05: INFO    : Writing current graph to: TensorAddition-TensorAdditionKernel-original.pxg
Mon 21:05: INFO    : Running kernel graph-pass 'GeneratePXG'.
Mon 21:05: INFO    : Graph-pass 'GeneratePXG' took 77.1034 ms (1 iterations)
Mon 21:05: INFO    : Running kernel graph-pass 'MarkConstantPass'.
Mon 21:05: INFO    : Graph-pass 'MarkConstantPass' took 3.14122 ms (1 iterations)
Mon 21:05: INFO    : Running kernel graph-pass 'ReachabilityPass'.
Mon 21:05: INFO    : Graph-pass 'ReachabilityPass' took 1.87111 ms (1 iterations)
Mon 21:05: INFO    : Running kernel graph-pass 'FindInputsLeadingToFlush'.
Mon 21:05: INFO    : Graph-pass 'FindInputsLeadingToFlush' took 115.865 µs (1 iterations)
Mon 21:05: INFO    : Running kernel graph-pass 'CheckForStatefulToFlushViolations'.
Mon 21:05: INFO    : Graph-pass 'CheckForStatefulToFlushViolations' took 316.645 µs (1 iterations)
Mon 21:05: INFO    : Running kernel graph-pass 'CheckForInputToFlushViolations'.
Mon 21:05: INFO    : Graph-pass 'CheckForInputToFlushViolations' took 1.06031 ms (1 iterations)
Mon 21:05: INFO    : Not deleting directory (does not exist): neighbours
Mon 21:05: INFO    : Running Photon pre-schedule graph optimisations
Mon 21:05: INFO    : Running kernel graph-pass 'AlignOrEradicatePrintfs'.
Mon 21:05: INFO    : Graph-pass 'AlignOrEradicatePrintfs' took 62.8750 µs (1 iterations)
Mon 21:05: INFO    : Running kernel graph-pass 'FoldConstantsPass'.
Mon 21:05: INFO    : Graph-pass 'FoldConstantsPass' took 655.635 µs (1 iterations)
Mon 21:05: INFO    : Running kernel graph-pass 'OptimiseNodesPass'.
Mon 21:05: INFO    : Graph-pass 'OptimiseNodesPass' took 2.09497 ms (2 iterations)
Mon 21:05: INFO    : Running kernel graph-pass 'DeleteRedundantNodes'.
Mon 21:05: INFO    : Graph-pass 'DeleteRedundantNodes' took 137.645 µs (1 iterations)
Mon 21:05: INFO    : Running kernel graph-pass 'DSPMultiplyAddExtractionPass'.
Mon 21:05: INFO    : Optimized 0 sub-graphs into DSP multiply/add chains (Virtex5 mode).
Mon 21:05: INFO    : Graph-pass 'DSPMultiplyAddExtractionPass' took 12.9079 ms (1 iterations)
Mon 21:05: INFO    : Running kernel graph-pass 'PO2FPMultOptimiser'.
Mon 21:05: INFO    : Graph-pass 'PO2FPMultOptimiser' took 76.3150 µs (1 iterations)
Mon 21:05: INFO    : Running Photon simulation preparation
Mon 21:05: INFO    : Running kernel graph-pass 'PrepareSimulationPass'.
Mon 21:05: INFO    : Graph-pass 'PrepareSimulationPass' took 67.2820 µs (1 iterations)
Mon 21:05: INFO    : Logging Photon stats to: TensorAdditionKernel_photon_stats.csv
Mon 21:05: INFO    : Running kernel graph-pass 'StatsPass'.
Mon 21:05: INFO    : Graph-pass 'StatsPass' took 1.35154 ms (1 iterations)
Mon 21:05: INFO    : Running kernel graph-pass 'CollectNumericExceptions'.
Mon 21:05: INFO    : Graph-pass 'CollectNumericExceptions' took 98.9760 µs (1 iterations)
Mon 21:05: INFO    : Running kernel graph-pass 'StreamOffsetDivExpand'.
Mon 21:05: INFO    : Graph-pass 'StreamOffsetDivExpand' took 134.328 µs (1 iterations)
Mon 21:05: INFO    : Running kernel graph-pass 'FindIllegalLoops'.
Mon 21:05: INFO    : Graph-pass 'FindIllegalLoops' took 866.542 µs (1 iterations)
Mon 21:05: INFO    : Running kernel graph-pass 'MarkConstantPass'.
Mon 21:05: INFO    : Graph-pass 'MarkConstantPass' took 114.642 µs (1 iterations)
Mon 21:05: INFO    : Running kernel graph-pass 'ScheduleVariables'.
Mon 21:05: INFO    : Graph-pass 'ScheduleVariables' took 3.25067 ms (1 iterations)
Mon 21:05: INFO    : Running kernel graph-pass 'SubstituteEqPlaceholders'.
Mon 21:05: INFO    : Graph-pass 'SubstituteEqPlaceholders' took 114.447 µs (1 iterations)
Mon 21:05: INFO    : Running kernel graph-pass 'ScheduleApplier'.
Mon 21:05: INFO    : Graph-pass 'ScheduleApplier' took 670.579 µs (1 iterations)
Mon 21:05: INFO    : Running kernel graph-pass 'MarkConstantPass'.
Mon 21:05: INFO    : Graph-pass 'MarkConstantPass' took 82.0910 µs (1 iterations)
Mon 21:05: INFO    : Running kernel graph-pass 'ScheduleDumper'.
Mon 21:05: INFO    : Graph-pass 'ScheduleDumper' took 1.82555 ms (1 iterations)
Mon 21:05: INFO    : Running Photon post-schedule graph optimisations (pass 1)
Mon 21:05: INFO    : Running kernel graph-pass 'TapFIFOsPass'.
Mon 21:05: INFO    : Graph-pass 'TapFIFOsPass' took 448.633 µs (1 iterations)
Mon 21:05: INFO    : Running kernel graph-pass 'FoldFIFOsPass'.
Mon 21:05: INFO    : Graph-pass 'FoldFIFOsPass' took 123.934 µs (1 iterations)
Mon 21:05: INFO    : Running kernel graph-pass 'MarkConstantPass'.
Mon 21:05: INFO    : Graph-pass 'MarkConstantPass' took 77.9060 µs (1 iterations)
Mon 21:05: INFO    : Running kernel graph-pass 'ValidateFIFOs'.
Mon 21:05: INFO    : Graph-pass 'ValidateFIFOs' took 54.7330 µs (1 iterations)
Mon 21:05: INFO    : Running kernel graph-pass 'MarkConstantPass'.
Mon 21:05: INFO    : Graph-pass 'MarkConstantPass' took 79.9010 µs (1 iterations)
Mon 21:05: INFO    : Running kernel graph-pass 'ScheduleDumper'.
Mon 21:05: INFO    : Graph-pass 'ScheduleDumper' took 878.072 µs (1 iterations)
Mon 21:05: INFO    : Running kernel graph-pass 'MarkConstantPass'.
Mon 21:05: INFO    : Graph-pass 'MarkConstantPass' took 74.7280 µs (1 iterations)
Mon 21:05: INFO    : Running kernel graph-pass 'ScheduleConstants'.
Mon 21:05: INFO    : Running command: "/home/dpesic/maxeler/bin/cbc" "TensorAdditionKernel_schedule_C.mps.gz" -threads 4 -solve  -printi csv -solu "TensorAdditionKernel_schedule_C.csv" > "TensorAdditionKernel_schedule_C.stdout.log"
Mon 21:05: INFO    : Optimum found: 0
Mon 21:05: INFO    : Graph-pass 'ScheduleConstants' took 44.7273 ms (1 iterations)
Mon 21:05: INFO    : Running kernel graph-pass 'MarkConstantPass'.
Mon 21:05: INFO    : Graph-pass 'MarkConstantPass' took 132.169 µs (1 iterations)
Mon 21:05: INFO    : Running kernel graph-pass 'ScheduleDumper'.
Mon 21:05: INFO    : Graph-pass 'ScheduleDumper' took 1.29727 ms (1 iterations)
Mon 21:05: INFO    : Running kernel graph-pass 'SubstituteEqPlaceholders'.
Mon 21:05: INFO    : Graph-pass 'SubstituteEqPlaceholders' took 89.3390 µs (1 iterations)
Mon 21:05: INFO    : Running kernel graph-pass 'RemoveDistMeasurementNodes'.
Mon 21:05: INFO    : Graph-pass 'RemoveDistMeasurementNodes' took 18.4370 µs (1 iterations)
Mon 21:05: INFO    : Running kernel graph-pass 'ScheduleApplier'.
Mon 21:05: INFO    : Graph-pass 'ScheduleApplier' took 333.114 µs (1 iterations)
Mon 21:05: INFO    : Maximum stream latency for kernel 'TensorAdditionKernel': 21
Mon 21:05: INFO    : Using user logic for flush.
Mon 21:05: INFO    : Running Photon post-schedule graph optimisations (pass 2)
Mon 21:05: INFO    : Running kernel graph-pass 'TapFIFOsPass'.
Mon 21:05: INFO    : Graph-pass 'TapFIFOsPass' took 484.856 µs (1 iterations)
Mon 21:05: INFO    : Running kernel graph-pass 'FoldFIFOsPass'.
Mon 21:05: INFO    : Graph-pass 'FoldFIFOsPass' took 132.813 µs (1 iterations)
Mon 21:05: INFO    : Running kernel graph-pass 'MarkConstantPass'.
Mon 21:05: INFO    : Graph-pass 'MarkConstantPass' took 138.009 µs (1 iterations)
Mon 21:05: INFO    : Running kernel graph-pass 'ScheduleAsserter'.
Mon 21:05: INFO    : Graph-pass 'ScheduleAsserter' took 460.336 µs (1 iterations)
Mon 21:05: INFO    : Running kernel graph-pass 'ReplaceEvalStreamOffsetNodes'.
Mon 21:05: INFO    : Graph-pass 'ReplaceEvalStreamOffsetNodes' took 134.116 µs (1 iterations)
Mon 21:05: INFO    : Running kernel graph-pass 'FIFOReport'.
Mon 21:05: INFO    : Graph-pass 'FIFOReport' took 952.710 µs (1 iterations)
Mon 21:05: INFO    : Running kernel graph-pass 'StatsPass'.
Mon 21:05: INFO    : Graph-pass 'StatsPass' took 563.186 µs (1 iterations)
Mon 21:05: INFO    : Running kernel graph-pass 'RemoveUntypedConstants'.
Mon 21:05: INFO    : Graph-pass 'RemoveUntypedConstants' took 5.19764 ms (1 iterations)
Mon 21:05: INFO    : Running kernel graph-pass 'VariableSizeMappedRegInserter'.
Mon 21:05: INFO    : Graph-pass 'VariableSizeMappedRegInserter' took 75.2660 µs (1 iterations)
Mon 21:05: INFO    : Running kernel graph-pass 'MarkConstantPass'.
Mon 21:05: INFO    : Graph-pass 'MarkConstantPass' took 99.9720 µs (1 iterations)
Mon 21:05: INFO    : Running kernel graph-pass 'MakeMaxFileNodeData'.
Mon 21:05: INFO    : Graph-pass 'MakeMaxFileNodeData' took 1.37364 ms (1 iterations)
Mon 21:05: INFO    : Running kernel graph-pass 'MoveFanoutRegsForwards'.
Mon 21:05: INFO    : Graph-pass 'MoveFanoutRegsForwards' took 86.3400 µs (1 iterations)
Mon 21:05: INFO    : Optimization report for Kernel 'TensorAdditionKernel'.
Mon 21:05: INFO    : Enabled optimizations:
Mon 21:05: INFO    : 	DSP-Multiplication
Mon 21:05: INFO    : 	Power-of-2 Floating Point
Mon 21:05: INFO    : Creating a preliminary MaxCompilerDesignData.dat. (@ CoreCompile TensorAdditionKernel)
Mon 21:05: INFO    : Total compilation of 'TensorAdditionKernel' took 267.337 ms.
Mon 21:05: INFO    : Running kernel graph-pass 'MarkConstantPass'.
Mon 21:05: INFO    : Graph-pass 'MarkConstantPass' took 89.1810 µs (1 iterations)
Mon 21:05: INFO    : Running kernel graph-pass 'MaxConstantLatency'.
Mon 21:05: INFO    : Graph-pass 'MaxConstantLatency' took 514.769 µs (1 iterations)
Mon 21:05: INFO    : Running kernel graph-pass 'SimCodeGraphPass'.
Mon 21:05: INFO    : Graph-pass 'SimCodeGraphPass' took 14.7978 ms (1 iterations)
Mon 21:05: INFO    : Writing current graph to: TensorAddition-TensorAdditionKernel-final-simulation.pxg
Mon 21:05: INFO    : Running kernel graph-pass 'GeneratePXG'.
Mon 21:05: INFO    : Graph-pass 'GeneratePXG' took 51.5605 ms (1 iterations)
Mon 21:05: INFO    : Running manager compiler graph-pass: GenerateMXGInfo
Mon 21:05: INFO    : Running manager compiler graph-pass: ScheduleStallLatency
Mon 21:05: INFO    : Running manager compiler graph-pass: ClockWidthAssignment
Mon 21:05: INFO    : Running manager compiler graph-pass: InsertDualAspectLogic
Mon 21:05: INFO    : Running manager compiler graph-pass: ClockWidthAssignment
Mon 21:05: INFO    : Running manager compiler graph-pass: InsertPullPushAdapter
Mon 21:05: INFO    : Running manager compiler graph-pass: ClockWidthAssignment
Mon 21:05: INFO    : Running manager compiler graph-pass: InsertStreamFifos
Mon 21:05: INFO    : Running manager compiler graph-pass: ClockWidthAssignment
Mon 21:05: INFO    : Running manager compiler graph-pass: InsertStreamStatus
Mon 21:05: INFO    : Running manager compiler graph-pass: InsertChipscope
Mon 21:05: INFO    : Inserted 0 chipscope manager nodes.
Mon 21:05: INFO    : Running manager compiler graph-pass: ClockWidthAssignment
Mon 21:05: INFO    : Running manager compiler graph-pass: ReportClockAssignments
Mon 21:05: INFO    : Running manager compiler graph-pass: BuildSoftwareSim
Mon 21:05: INFO    : Mapped register report:
Mon 21:05: INFO    : 	0	io_x_force_disabled	1bytes
Mon 21:05: INFO    : 	1	io_y_force_disabled	1bytes
Mon 21:05: INFO    : 	2	io_s_force_disabled	1bytes
Mon 21:05: INFO    : 	3	run_cycle_count	6bytes
Mon 21:05: INFO    : 	9	current_run_cycle_count	6bytes
Mon 21:05: INFO    : 	f	dbg_ctld_almost_empty	1bytes
Mon 21:05: INFO    : 	10	dbg_ctld_done	1bytes
Mon 21:05: INFO    : 	11	dbg_ctld_empty	1bytes
Mon 21:05: INFO    : 	12	dbg_ctld_read	1bytes
Mon 21:05: INFO    : 	13	dbg_ctld_read_pipe_dbg	1bytes
Mon 21:05: INFO    : 	14	dbg_ctld_request	1bytes
Mon 21:05: INFO    : 	15	dbg_done_out	1bytes
Mon 21:05: INFO    : 	16	dbg_fill_level	1bytes
Mon 21:05: INFO    : 	17	dbg_flush_level	1bytes
Mon 21:05: INFO    : 	18	dbg_flush_start	1bytes
Mon 21:05: INFO    : 	19	dbg_flush_start_level	1bytes
Mon 21:05: INFO    : 	1a	dbg_flushing	1bytes
Mon 21:05: INFO    : 	1b	dbg_full_level	1bytes
Mon 21:05: INFO    : 	1c	dbg_out_stall	1bytes
Mon 21:05: INFO    : 	1d	dbg_out_valid	1bytes
Mon 21:05: INFO    : 	1e	dbg_stall_vector	1bytes
Mon 21:05: INFO    : 	1f	ifpga_ctrl	1bytes
Mon 21:05: INFO    : 	20	SFA_FORWARD_EN	4bytes
Mon 21:05: INFO    : Mapped register chain length = 36
Mon 21:05: INFO    : Mapped register efficiency = 0.63 (181 / 288 bits)
Mon 21:05: INFO    : Mapped memory report:
Mon 21:05: INFO    : 	No mapped memories in this design.
Mon 21:05: INFO    : Running manager compiler graph-pass: GenerateMXGInfo
Mon 21:05: INFO    : Running manager compiler graph-pass: GenerateSlicHostCode
Mon 21:05: INFO    : Generating SLIC interface information
Mon 21:05: INFO    : Generating SLIC code for interface 'default'
Mon 21:05: INFO    : Skipping blacklisted scalar parameter 'TensorAdditionKernel.current_run_cycle_count'
Mon 21:05: INFO    : Interface 'default' depends on parameter 'N'
Mon 21:05: INFO    : Generating XML description for Maxfile
Mon 21:05: INFO    : Generating XML description for mode 'default'
Mon 21:05: INFO    : Skipping blacklisted scalar parameter 'TensorAdditionKernel.current_run_cycle_count'
Mon 21:05: INFO    : Interface 'default' depends on parameter 'N'
Mon 21:05: INFO    : Adding SLIC sections to the maxfile
Mon 21:05: INFO    : Adding user files to the maxfile
Mon 21:05: INFO    : Generating SLIC include file
Mon 21:05: INFO    : Done generating SLIC interface information
Mon 21:05: PROGRESS: Running back-end simulation build (3 phases)
Mon 21:05: PROGRESS: (1/3) - Prepare MaxFile Data (GenerateMaxFileDataFile)
Mon 21:05: INFO    : Build pass 'GenerateMaxFileDataFile' took 18.9366 ms.
Mon 21:05: PROGRESS: (2/3) - Compile Simulation Modules (SimCompilePass)
Mon 21:05: INFO    : Running command: make -j2
Mon 21:05: INFO    : mkdir -p objdir
Mon 21:05: INFO    : mkdir -p stdsimheader.h.gch
Mon 21:05: INFO    : /home/dpesic/maxeler/lib/clang/bin/start.sh clang++ -c -fPIC -B/home/dpesic/maxeler/lib/gcc -fbracket-depth=1024 -D_GLIBCXX__PTHREADS -D__USE_XOPEN2K8 -O3  -I. -I/home/dpesic/maxeler/lib/boost/include -I/home/dpesic/maxeler/lib/maxeleros-sim/include -I/home/dpesic/maxeler/lib/lwip_sim -I/home/dpesic/maxeler/lib/lwip_sim/include -I/home/dpesic/maxeler/lib/lwip_sim/include/arch -I/home/dpesic/maxeler/lib/lwip_sim/include/ipv4  -DHAVE_KERNELS -DMAXFILE_INC="../../MaxCompilerDesignData.dat" -g0  -DSLIC_NO_DECLARATIONS   -O0 -DOPTIMIZATION_LEVEL=0 -x c++-header \
Mon 21:05: INFO    : 	-o stdsimheader.h.gch/O0_stdsimheader.h.gch stdsimheader.h
Mon 21:05: INFO    : /home/dpesic/maxeler/lib/clang/bin/start.sh clang++ -c -fPIC -B/home/dpesic/maxeler/lib/gcc -fbracket-depth=1024 -D_GLIBCXX__PTHREADS -D__USE_XOPEN2K8 -O3  -I. -I/home/dpesic/maxeler/lib/boost/include -I/home/dpesic/maxeler/lib/maxeleros-sim/include -I/home/dpesic/maxeler/lib/lwip_sim -I/home/dpesic/maxeler/lib/lwip_sim/include -I/home/dpesic/maxeler/lib/lwip_sim/include/arch -I/home/dpesic/maxeler/lib/lwip_sim/include/ipv4  -DHAVE_KERNELS -DMAXFILE_INC="../../MaxCompilerDesignData.dat" -g0  -DSLIC_NO_DECLARATIONS   -fno-implicit-templates -O2 -DOPTIMIZATION_LEVEL=2 -x c++-header \
Mon 21:05: INFO    : 	-o stdsimheader.h.gch/NoTplInst_O2_stdsimheader.h.gch stdsimheader.h
Mon 21:05: INFO    : make TensorAddition.so
Mon 21:05: INFO    : make[1]: Entering directory `/home/dpesic/workspace/TensorAddition/RunRules/Simulation/maxfiles/TensorAddition_VECTIS_DFE_SIM/scratch/software-sim/build'
Mon 21:05: INFO    : /home/dpesic/maxeler/lib/clang/bin/start.sh clang++ -c -fPIC -B/home/dpesic/maxeler/lib/gcc -fbracket-depth=1024 -D_GLIBCXX__PTHREADS -D__USE_XOPEN2K8 -O3  -I. -I/home/dpesic/maxeler/lib/boost/include -I/home/dpesic/maxeler/lib/maxeleros-sim/include -I/home/dpesic/maxeler/lib/lwip_sim -I/home/dpesic/maxeler/lib/lwip_sim/include -I/home/dpesic/maxeler/lib/lwip_sim/include/arch -I/home/dpesic/maxeler/lib/lwip_sim/include/ipv4  -DHAVE_KERNELS -DMAXFILE_INC="../../MaxCompilerDesignData.dat" -g0  -DSLIC_NO_DECLARATIONS   -fno-implicit-templates -include-pch stdsimheader.h.gch -O2 -DOPTIMIZATION_LEVEL=2 -o objdir/TensorAdditionKernel_exec0.NoTplInst.O2.o TensorAdditionKernel_exec0.cpp
Mon 21:05: INFO    : /home/dpesic/maxeler/lib/clang/bin/start.sh clang++ -c -fPIC -B/home/dpesic/maxeler/lib/gcc -fbracket-depth=1024 -D_GLIBCXX__PTHREADS -D__USE_XOPEN2K8 -O3  -I. -I/home/dpesic/maxeler/lib/boost/include -I/home/dpesic/maxeler/lib/maxeleros-sim/include -I/home/dpesic/maxeler/lib/lwip_sim -I/home/dpesic/maxeler/lib/lwip_sim/include -I/home/dpesic/maxeler/lib/lwip_sim/include/arch -I/home/dpesic/maxeler/lib/lwip_sim/include/ipv4  -DHAVE_KERNELS -DMAXFILE_INC="../../MaxCompilerDesignData.dat" -g0  -DSLIC_NO_DECLARATIONS   -include-pch stdsimheader.h.gch -O0 -DOPTIMIZATION_LEVEL=0 -o objdir/TensorAdditionKernel.O0.o TensorAdditionKernel.cpp
Mon 21:05: INFO    : /home/dpesic/maxeler/lib/clang/bin/start.sh clang++ -fPIC -B/home/dpesic/maxeler/lib/gcc -fbracket-depth=1024 -D_GLIBCXX__PTHREADS -D__USE_XOPEN2K8 -O3  -I. -I/home/dpesic/maxeler/lib/boost/include -I/home/dpesic/maxeler/lib/maxeleros-sim/include -I/home/dpesic/maxeler/lib/lwip_sim -I/home/dpesic/maxeler/lib/lwip_sim/include -I/home/dpesic/maxeler/lib/lwip_sim/include/arch -I/home/dpesic/maxeler/lib/lwip_sim/include/ipv4  -DHAVE_KERNELS -DMAXFILE_INC="../../MaxCompilerDesignData.dat" -g0  -DSLIC_NO_DECLARATIONS   -MM -MP -MT objdir/TensorAdditionKernel.O0.o \
Mon 21:05: INFO    : 	TensorAdditionKernel.cpp > objdir/TensorAdditionKernel.O0.d
Mon 21:05: INFO    : /home/dpesic/maxeler/lib/clang/bin/start.sh clang++ -c -fPIC -B/home/dpesic/maxeler/lib/gcc -fbracket-depth=1024 -D_GLIBCXX__PTHREADS -D__USE_XOPEN2K8 -O3  -I. -I/home/dpesic/maxeler/lib/boost/include -I/home/dpesic/maxeler/lib/maxeleros-sim/include -I/home/dpesic/maxeler/lib/lwip_sim -I/home/dpesic/maxeler/lib/lwip_sim/include -I/home/dpesic/maxeler/lib/lwip_sim/include/arch -I/home/dpesic/maxeler/lib/lwip_sim/include/ipv4  -DHAVE_KERNELS -DMAXFILE_INC="../../MaxCompilerDesignData.dat" -g0  -DSLIC_NO_DECLARATIONS   -include-pch stdsimheader.h.gch -O2 -DOPTIMIZATION_LEVEL=2 -o objdir/TensorAdditionKernel_Templates.O2.o TensorAdditionKernel_Templates.cpp
Mon 21:05: INFO    : /home/dpesic/maxeler/lib/clang/bin/start.sh clang++ -fPIC -B/home/dpesic/maxeler/lib/gcc -fbracket-depth=1024 -D_GLIBCXX__PTHREADS -D__USE_XOPEN2K8 -O3  -I. -I/home/dpesic/maxeler/lib/boost/include -I/home/dpesic/maxeler/lib/maxeleros-sim/include -I/home/dpesic/maxeler/lib/lwip_sim -I/home/dpesic/maxeler/lib/lwip_sim/include -I/home/dpesic/maxeler/lib/lwip_sim/include/arch -I/home/dpesic/maxeler/lib/lwip_sim/include/ipv4  -DHAVE_KERNELS -DMAXFILE_INC="../../MaxCompilerDesignData.dat" -g0  -DSLIC_NO_DECLARATIONS   -MM -MP -MT objdir/TensorAdditionKernel_exec0.NoTplInst.O2.o \
Mon 21:05: INFO    : 	TensorAdditionKernel_exec0.cpp > objdir/TensorAdditionKernel_exec0.NoTplInst.O2.d
Mon 21:05: INFO    : /home/dpesic/maxeler/lib/clang/bin/start.sh clang++ -c -fPIC -B/home/dpesic/maxeler/lib/gcc -fbracket-depth=1024 -D_GLIBCXX__PTHREADS -D__USE_XOPEN2K8 -O3  -I. -I/home/dpesic/maxeler/lib/boost/include -I/home/dpesic/maxeler/lib/maxeleros-sim/include -I/home/dpesic/maxeler/lib/lwip_sim -I/home/dpesic/maxeler/lib/lwip_sim/include -I/home/dpesic/maxeler/lib/lwip_sim/include/arch -I/home/dpesic/maxeler/lib/lwip_sim/include/ipv4  -DHAVE_KERNELS -DMAXFILE_INC="../../MaxCompilerDesignData.dat" -g0  -DSLIC_NO_DECLARATIONS   -include-pch stdsimheader.h.gch -O0 -DOPTIMIZATION_LEVEL=0 -o objdir/max_msi.O0.o max_msi.cpp
Mon 21:05: INFO    : In file included from max_msi.cpp:19:
Mon 21:05: INFO    : /home/dpesic/workspace/TensorAddition/RunRules/Simulation/maxfiles/TensorAddition_VECTIS_DFE_SIM/scratch/software-sim/build/MaxFile.h:4:9: warning: '_QUOTE' macro redefined [-Wmacro-redefined]
Mon 21:05: INFO    : #define _QUOTE(what) #what
Mon 21:05: INFO    :         ^
Mon 21:05: INFO    : /home/dpesic/maxeler/lib/maxeleros-sim/include/maxrt_error.h:87:9: note: previous definition is here
Mon 21:05: INFO    : #define _QUOTE(x) #x
Mon 21:05: INFO    :         ^
Mon 21:05: INFO    : /home/dpesic/maxeler/lib/clang/bin/start.sh clang++ -fPIC -B/home/dpesic/maxeler/lib/gcc -fbracket-depth=1024 -D_GLIBCXX__PTHREADS -D__USE_XOPEN2K8 -O3  -I. -I/home/dpesic/maxeler/lib/boost/include -I/home/dpesic/maxeler/lib/maxeleros-sim/include -I/home/dpesic/maxeler/lib/lwip_sim -I/home/dpesic/maxeler/lib/lwip_sim/include -I/home/dpesic/maxeler/lib/lwip_sim/include/arch -I/home/dpesic/maxeler/lib/lwip_sim/include/ipv4  -DHAVE_KERNELS -DMAXFILE_INC="../../MaxCompilerDesignData.dat" -g0  -DSLIC_NO_DECLARATIONS   -MM -MP -MT objdir/TensorAdditionKernel_Templates.O2.o \
Mon 21:05: INFO    : 	TensorAdditionKernel_Templates.cpp > objdir/TensorAdditionKernel_Templates.O2.d
Mon 21:05: INFO    : 1 warning generated.
Mon 21:05: INFO    : /home/dpesic/maxeler/lib/clang/bin/start.sh clang++ -fPIC -B/home/dpesic/maxeler/lib/gcc -fbracket-depth=1024 -D_GLIBCXX__PTHREADS -D__USE_XOPEN2K8 -O3  -I. -I/home/dpesic/maxeler/lib/boost/include -I/home/dpesic/maxeler/lib/maxeleros-sim/include -I/home/dpesic/maxeler/lib/lwip_sim -I/home/dpesic/maxeler/lib/lwip_sim/include -I/home/dpesic/maxeler/lib/lwip_sim/include/arch -I/home/dpesic/maxeler/lib/lwip_sim/include/ipv4  -DHAVE_KERNELS -DMAXFILE_INC="../../MaxCompilerDesignData.dat" -g0  -DSLIC_NO_DECLARATIONS   -MM -MP -MT objdir/max_msi.O0.o \
Mon 21:05: INFO    : 	max_msi.cpp > objdir/max_msi.O0.d
Mon 21:05: INFO    : /home/dpesic/maxeler/lib/clang/bin/start.sh clang++ -fPIC -shared -B/home/dpesic/maxeler/lib/gcc -L/home/dpesic/maxeler/lib/boost/lib -lboost_thread -lboost_system -lboost_filesystem -lrt -pthread -O2 -s  -o TensorAddition.so objdir/TensorAdditionKernel_exec0.NoTplInst.O2.o objdir/TensorAdditionKernel.O0.o objdir/TensorAdditionKernel_Templates.O2.o objdir/max_msi.O0.o StructToGroupDummy.o Mux.o DualAspectMux.o Demux.o Fanout.o CapRegs.o IFPGARegs.o ChecksumMem.o PCIe.o KernelManagerBlockSync.o DualAspectReg.o PullPushAdapter.o FilePullSource.o max_shared_fifo.o SharedFIFO.o Fifos.o FilePushSink.o SimTerminator.o Watch.o StreamStatus.o RunLengthExpander.o ManagerBlock.o MappedElements.o ManagerSync.o PullSync.o PushSync.o DynamicVarUInt.o SimException.o DebugStreams.o AddressGenerator.o MemoryControllerPro.o MemoryControllerRAM.o MemoryControllerCommand.o MemoryControllerStreams.o MemoryControllerConfig.o TCP.o Ethernet.o Timestamp.o /home/dpesic/maxeler/lib/lwip_sim/lib/liblwip.a
Mon 21:05: INFO    : make[1]: Leaving directory `/home/dpesic/workspace/TensorAddition/RunRules/Simulation/maxfiles/TensorAddition_VECTIS_DFE_SIM/scratch/software-sim/build'
Mon 21:05: INFO    : Build pass 'SimCompilePass' took 6.01635 s.
Mon 21:05: PROGRESS: (3/3) - Generate MaxFile (AddSimObjectToMaxFilePass)
Mon 21:05: INFO    : Build pass 'AddSimObjectToMaxFilePass' took 244.832 ms.
Mon 21:05: INFO    : Final result files after build: 
Mon 21:05: INFO    : Running command: ln -sf "../scratch/TensorAddition-TensorAdditionKernel-original.pxg"
Mon 21:05: INFO    : TensorAddition-TensorAdditionKernel-original.pxg (BuildFilePXG)
Mon 21:05: INFO    : Running command: ln -sf "../scratch/TensorAdditionKernel_Configuration.txt"
Mon 21:05: INFO    : TensorAdditionKernel_Configuration.txt (BuildFile)
Mon 21:05: INFO    : Running command: ln -sf "../scratch/TensorAdditionKernel_NodeDiary.txt"
Mon 21:05: INFO    : TensorAdditionKernel_NodeDiary.txt (BuildFile)
Mon 21:05: INFO    : Running command: ln -sf "../scratch/TensorAddition-TensorAdditionKernel-final-simulation.pxg"
Mon 21:05: INFO    : TensorAddition-TensorAdditionKernel-final-simulation.pxg (BuildFilePXG)
Mon 21:05: INFO    : Running command: ln -sf "../scratch/TensorAddition.xml"
Mon 21:05: INFO    : TensorAddition.xml (BuildFile)
Mon 21:05: INFO    : Running command: ln -sf "../scratch/TensorAddition.h"
Mon 21:05: INFO    : TensorAddition.h (BuildFileSlicH)
Mon 21:05: INFO    : Running command: ln -sf "../scratch/TensorAddition.max"
Mon 21:05: INFO    : TensorAddition.max (BuildFileMaxFile)
Mon 21:05: INFO    : Result files will be copied to '/home/dpesic/workspace/TensorAddition/RunRules/Simulation/maxfiles'
Mon 21:05: INFO    : Result 'TensorAddition-TensorAdditionKernel-original.pxg' is identical to '/home/dpesic/workspace/TensorAddition/RunRules/Simulation/maxfiles/TensorAddition-TensorAdditionKernel-original.pxg': not overwriting.
Mon 21:05: INFO    : Result 'TensorAddition-TensorAdditionKernel-final-simulation.pxg' is identical to '/home/dpesic/workspace/TensorAddition/RunRules/Simulation/maxfiles/TensorAddition-TensorAdditionKernel-final-simulation.pxg': not overwriting.
Mon 21:05: INFO    : Result 'TensorAddition.h' is identical to '/home/dpesic/workspace/TensorAddition/RunRules/Simulation/maxfiles/TensorAddition.h': not overwriting.
Mon 21:05: INFO    : Result 'TensorAddition.max' is identical to '/home/dpesic/workspace/TensorAddition/RunRules/Simulation/maxfiles/TensorAddition.max': not overwriting.
Mon 21:05: PROGRESS: MaxFile: /home/dpesic/workspace/TensorAddition/RunRules/Simulation/maxfiles/TensorAddition_VECTIS_DFE_SIM/results/TensorAddition.max (MD5Sum: 4ade6d355afb97621854a61656e48f86)
Mon 21:05: INFO    : Waiting for any outstanding jobs to finish... 
Mon 21:05: PROGRESS: Build completed: Mon Feb 22 21:05:34 CET 2016 (took 7 secs)
